<?xml version="1.0" encoding="UTF-8"?>
<testsuites name="Mocha Tests" time="13.2130" tests="1" failures="0">
  <testsuite name="Root Suite" timestamp="2022-10-17T13:44:27" tests="0" file="cypress/google.spec.cy.js" time="0.0000" failures="0">
  </testsuite>
  <testsuite name="Google" timestamp="2022-10-17T13:44:27" tests="1" time="13.2130" failures="0">
    <testcase name="Google Search for university webpage and check university logo is present" time="13.2130" classname="Search for university webpage and check university logo is present">
    </testcase>
  </testsuite>
</testsuites>